<?xml version="1.0" encoding="UTF-8"?>
<!-- Generated by org.testng.reporters.JUnitReportReporter -->
<testsuite hostname="DESKTOP-9QNLE1V" failures="0" tests="1" name="com.demo.tests.SignOutTest" time="150.594" errors="0" timestamp="2022-07-27T22:24:25 IST" skipped="0">
  <testcase classname="com.demo.tests.SignOutTest" name="logout" time="150.594"/>
  <system-out/>
</testsuite> <!-- com.demo.tests.SignOutTest -->
