<?xml version="1.0" encoding="UTF-8"?>
<!-- Generated by org.testng.reporters.JUnitReportReporter -->
<testsuite hostname="DESKTOP-9QNLE1V" failures="0" tests="2" name="pagefactory.ContinueShoppingPageTest" time="15.870" errors="0" timestamp="2022-07-06T01:07:51 IST" skipped="1">
  <testcase classname="pagefactory.ContinueShoppingPageTest" name="continueshopSK" time="15.870"/>
  <system-out/>
  <testcase classname="pagefactory.ContinueShoppingPageTest" name="continueshop">
    <skipped/>
  </testcase> <!-- continueshop -->
  <system-out/>
</testsuite> <!-- pagefactory.ContinueShoppingPageTest -->
