<?xml version="1.0" encoding="UTF-8"?>
<!-- Generated by org.testng.reporters.JUnitReportReporter -->
<testsuite hostname="DESKTOP-9QNLE1V" failures="0" tests="1" name="tests.NewTest1" time="22.416" errors="0" timestamp="2022-06-09T19:41:12 IST" skipped="0">
  <testcase classname="tests.NewTest1" name="methodcheck" time="22.416"/>
  <system-out/>
</testsuite> <!-- tests.NewTest1 -->
