<?xml version="1.0" encoding="UTF-8"?>
<!-- Generated by org.testng.reporters.JUnitReportReporter -->
<testsuite hostname="DESKTOP-9QNLE1V" failures="0" tests="1" name="tests.SignOutTest" time="5.479" errors="0" timestamp="2022-07-17T13:27:24 IST" skipped="0">
  <testcase classname="tests.SignOutTest" name="logout" time="5.479"/>
  <system-out/>
</testsuite> <!-- tests.SignOutTest -->
