<?xml version="1.0" encoding="UTF-8"?>
<!-- Generated by org.testng.reporters.JUnitReportReporter -->
<testsuite hostname="DESKTOP-9QNLE1V" failures="0" tests="1" name="com.demo.tests.CartTest" time="86.409" errors="0" timestamp="2022-07-27T22:45:29 IST" skipped="0">
  <testcase classname="com.demo.tests.CartTest" name="cart" time="86.409"/>
  <system-out/>
</testsuite> <!-- com.demo.tests.CartTest -->
