<?xml version="1.0" encoding="UTF-8"?>
<!-- Generated by org.testng.reporters.JUnitReportReporter -->
<testsuite hostname="DESKTOP-9QNLE1V" failures="0" tests="3" name="com.demo.tests.AddressTest" time="12.946" errors="0" timestamp="2022-07-31T12:50:53 IST" skipped="0">
  <testcase classname="com.demo.tests.AddressTest" name="address" time="7.961"/>
  <system-out/>
  <testcase classname="com.demo.tests.AddressTest" name="addressUpdate" time="3.187"/>
  <system-out/>
  <testcase classname="com.demo.tests.AddressTest" name="addressDelete" time="1.798"/>
  <system-out/>
</testsuite> <!-- com.demo.tests.AddressTest -->
