<?xml version="1.0" encoding="UTF-8"?>
<!-- Generated by org.testng.reporters.JUnitReportReporter -->
<testsuite hostname="DESKTOP-9QNLE1V" failures="0" tests="1" name="tests.FilterVerifyTest" time="104.756" errors="0" timestamp="2022-07-16T20:35:45 IST" skipped="0">
  <testcase classname="tests.FilterVerifyTest" name="filterproduct" time="104.756"/>
  <system-out/>
</testsuite> <!-- tests.FilterVerifyTest -->
