<?xml version="1.0" encoding="UTF-8"?>
<!-- Generated by org.testng.reporters.JUnitReportReporter -->
<testsuite hostname="DESKTOP-9QNLE1V" failures="0" tests="3" name="tests.Dropdown" time="72.337" errors="0" timestamp="2022-06-05T04:22:56 IST" skipped="0">
  <testcase classname="tests.Dropdown" name="dropDownTest" time="49.499"/>
  <system-out/>
  <testcase classname="tests.Dropdown" name="checkBox" time="6.549"/>
  <system-out/>
  <testcase classname="tests.Dropdown" name="radioButton" time="16.289"/>
  <system-out/>
</testsuite> <!-- tests.Dropdown -->
