<?xml version="1.0" encoding="UTF-8"?>
<!-- Generated by org.testng.reporters.JUnitReportReporter -->
<testsuite hostname="DESKTOP-9QNLE1V" failures="0" tests="3" name="com.demo.tests.CreateAccountTest" time="80.670" errors="0" timestamp="2022-07-27T22:24:25 IST" skipped="0">
  <testcase classname="com.demo.tests.CreateAccountTest" name="CreateAccountNavigation" time="21.288"/>
  <system-out/>
  <testcase classname="com.demo.tests.CreateAccountTest" name="createaccountvalidation" time="22.723"/>
  <system-out/>
  <testcase classname="com.demo.tests.CreateAccountTest" name="createaccount" time="36.659"/>
  <system-out/>
</testsuite> <!-- com.demo.tests.CreateAccountTest -->
