<?xml version="1.0" encoding="UTF-8"?>
<!-- Generated by org.testng.reporters.JUnitReportReporter -->
<testsuite hostname="DESKTOP-9QNLE1V" failures="0" tests="2" name="tests.AlertTst" time="40.888" errors="0" timestamp="2022-06-14T19:13:33 IST" skipped="0">
  <testcase classname="tests.AlertTst" name="alertTest" time="28.563"/>
  <system-out/>
  <testcase classname="tests.AlertTst" name="alertConfirm" time="12.325"/>
  <system-out/>
</testsuite> <!-- tests.AlertTst -->
