<?xml version="1.0" encoding="UTF-8"?>
<!-- Generated by org.testng.reporters.JUnitReportReporter -->
<testsuite hostname="DESKTOP-9QNLE1V" failures="0" tests="1" name="tests.PopUpWindow" time="19.564" errors="0" timestamp="2022-06-13T20:40:19 IST" skipped="0">
  <testcase classname="tests.PopUpWindow" name="popupTest" time="19.564"/>
  <system-out/>
</testsuite> <!-- tests.PopUpWindow -->
