<?xml version="1.0" encoding="UTF-8"?>
<!-- Generated by org.testng.reporters.JUnitReportReporter -->
<testsuite hostname="DESKTOP-9QNLE1V" failures="0" tests="2" name="com.demo.tests.ProductAddtoCartTest" time="39.963" errors="0" timestamp="2022-07-27T23:00:04 IST" skipped="0">
  <testcase classname="com.demo.tests.ProductAddtoCartTest" name="tshirtSelection" time="8.920"/>
  <system-out/>
  <testcase classname="com.demo.tests.ProductAddtoCartTest" name="productselection" time="31.043"/>
  <system-out/>
</testsuite> <!-- com.demo.tests.ProductAddtoCartTest -->
