<?xml version="1.0" encoding="UTF-8"?>
<!-- Generated by org.testng.reporters.JUnitReportReporter -->
<testsuite hostname="DESKTOP-9QNLE1V" failures="0" tests="1" name="com.demo.tests.SortTest" time="28.084" errors="0" timestamp="2022-07-25T14:21:05 IST" skipped="0">
  <testcase classname="com.demo.tests.SortTest" name="sortlist" time="28.084"/>
  <system-out/>
</testsuite> <!-- com.demo.tests.SortTest -->
