<?xml version="1.0" encoding="UTF-8"?>
<!-- Generated by org.testng.reporters.JUnitReportReporter -->
<testsuite hostname="DESKTOP-9QNLE1V" failures="0" tests="1" name="tests.SearchTable" time="2.940" errors="0" timestamp="2022-06-21T11:20:08 IST" skipped="0">
  <testcase classname="tests.SearchTable" name="search" time="2.940"/>
  <system-out/>
</testsuite> <!-- tests.SearchTable -->
