<?xml version="1.0" encoding="UTF-8"?>
<!-- Generated by org.testng.reporters.JUnitReportReporter -->
<testsuite hostname="DESKTOP-9QNLE1V" failures="0" tests="1" name="tests.LoginTest" time="24.429" errors="0" timestamp="2022-07-17T14:00:57 IST" skipped="0">
  <testcase classname="tests.LoginTest" name="validlogin" time="24.429"/>
  <system-out/>
</testsuite> <!-- tests.LoginTest -->
