<?xml version="1.0" encoding="UTF-8"?>
<!-- Generated by org.testng.reporters.JUnitReportReporter -->
<testsuite hostname="DESKTOP-9QNLE1V" failures="0" tests="1" name="tests.SearchProductTest" time="31.270" errors="0" timestamp="2022-07-16T20:36:47 IST" skipped="0">
  <testcase classname="tests.SearchProductTest" name="search" time="31.270"/>
  <system-out/>
</testsuite> <!-- tests.SearchProductTest -->
