<?xml version="1.0" encoding="UTF-8"?>
<!-- Generated by org.testng.reporters.JUnitReportReporter -->
<testsuite hostname="DESKTOP-9QNLE1V" failures="0" tests="1" name="testngcompare.AnnotationsTestng" time="0.011" errors="0" timestamp="2022-06-13T20:38:14 IST" skipped="0">
  <testcase classname="testngcompare.AnnotationsTestng" name="f" time="0.011"/>
  <system-out/>
</testsuite> <!-- testngcompare.AnnotationsTestng -->
