<?xml version="1.0" encoding="UTF-8"?>
<!-- Generated by org.testng.reporters.JUnitReportReporter -->
<testsuite hostname="DESKTOP-9QNLE1V" failures="0" tests="1" name="tests.RadioButton" time="31.349" errors="0" timestamp="2022-06-08T07:54:59 IST" skipped="0">
  <testcase classname="tests.RadioButton" name="radioButton" time="31.349"/>
  <system-out/>
</testsuite> <!-- tests.RadioButton -->
