<?xml version="1.0" encoding="UTF-8"?>
<!-- Generated by org.testng.reporters.JUnitReportReporter -->
<testsuite hostname="DESKTOP-9QNLE1V" failures="0" tests="4" name="tests.NewTest" time="0.194" errors="0" timestamp="2022-06-21T11:16:18 IST" skipped="0">
  <testcase classname="tests.NewTest" name="titlecheck" time="0.061"/>
  <system-out/>
  <testcase classname="tests.NewTest" name="titlecheck" time="0.061"/>
  <system-out/>
  <testcase classname="tests.NewTest" name="urlCheck" time="0.041"/>
  <system-out/>
  <testcase classname="tests.NewTest" name="urlCheck" time="0.031"/>
  <system-out/>
</testsuite> <!-- tests.NewTest -->
