<?xml version="1.0" encoding="UTF-8"?>
<!-- Generated by org.testng.reporters.JUnitReportReporter -->
<testsuite hostname="DESKTOP-9QNLE1V" failures="0" tests="4" name="tests.NewTestVerify" time="58.181" errors="0" timestamp="2022-06-16T10:31:30 IST" skipped="0">
  <testcase classname="tests.NewTestVerify" name="checkText" time="13.330"/>
  <system-out/>
  <testcase classname="tests.NewTestVerify" name="checkText" time="13.284"/>
  <system-out/>
  <testcase classname="tests.NewTestVerify" name="checkText" time="18.995"/>
  <system-out/>
  <testcase classname="tests.NewTestVerify" name="addCheck" time="12.572"/>
  <system-out/>
</testsuite> <!-- tests.NewTestVerify -->
