<?xml version="1.0" encoding="UTF-8"?>
<!-- Generated by org.testng.reporters.JUnitReportReporter -->
<testsuite hostname="DESKTOP-9QNLE1V" failures="0" tests="2" name="com.demo.tests.ContinueShoppingPageTest" time="109.044" errors="0" timestamp="2022-07-27T13:02:08 IST" skipped="0">
  <testcase classname="com.demo.tests.ContinueShoppingPageTest" name="continueshopSK" time="108.722"/>
  <system-out/>
  <testcase classname="com.demo.tests.ContinueShoppingPageTest" name="checkoutdelete" time="0.322"/>
  <system-out/>
</testsuite> <!-- com.demo.tests.ContinueShoppingPageTest -->
