<?xml version="1.0" encoding="UTF-8"?>
<!-- Generated by org.testng.reporters.JUnitReportReporter -->
<testsuite hostname="DESKTOP-9QNLE1V" failures="0" tests="1" name="tests.ActionsInput" time="21.222" errors="0" timestamp="2022-06-15T20:14:53 IST" skipped="0">
  <testcase classname="tests.ActionsInput" name="actiontest" time="21.222"/>
  <system-out/>
</testsuite> <!-- tests.ActionsInput -->
