<?xml version="1.0" encoding="UTF-8"?>
<!-- Generated by org.testng.reporters.JUnitReportReporter -->
<testsuite hostname="DESKTOP-9QNLE1V" failures="0" tests="1" name="tests.ActionsAlert" time="11.461" errors="0" timestamp="2022-06-14T19:29:00 IST" skipped="0">
  <testcase classname="tests.ActionsAlert" name="actionmove" time="11.461"/>
  <system-out/>
</testsuite> <!-- tests.ActionsAlert -->
