<?xml version="1.0" encoding="UTF-8"?>
<!-- Generated by org.testng.reporters.JUnitReportReporter -->
<testsuite hostname="DESKTOP-9QNLE1V" failures="0" tests="3" name="tests.ContactUs" time="80.398" errors="0" timestamp="2022-07-14T02:19:34 IST" skipped="2">
  <testcase classname="tests.ContactUs" name="contactlogin" time="80.398"/>
  <system-out/>
  <testcase classname="tests.ContactUs" name="contactvalidlogin">
    <skipped/>
  </testcase> <!-- contactvalidlogin -->
  <system-out/>
  <testcase classname="tests.ContactUs" name="contactnotlogin">
    <skipped/>
  </testcase> <!-- contactnotlogin -->
  <system-out/>
</testsuite> <!-- tests.ContactUs -->
