<?xml version="1.0" encoding="UTF-8"?>
<!-- Generated by org.testng.reporters.JUnitReportReporter -->
<testsuite hostname="DESKTOP-9QNLE1V" failures="0" tests="3" name="tests.ContinueShoppingPageTest" time="59.679" errors="0" timestamp="2022-07-16T20:32:19 IST" skipped="1">
  <testcase classname="tests.ContinueShoppingPageTest" name="continueshopSK" time="53.401"/>
  <system-out/>
  <testcase classname="tests.ContinueShoppingPageTest" name="checkoutdelete" time="6.278"/>
  <system-out/>
  <testcase classname="tests.ContinueShoppingPageTest" name="continueshop">
    <skipped/>
  </testcase> <!-- continueshop -->
  <system-out/>
</testsuite> <!-- tests.ContinueShoppingPageTest -->
