<?xml version="1.0" encoding="UTF-8"?>
<!-- Generated by org.testng.reporters.JUnitReportReporter -->
<testsuite hostname="DESKTOP-9QNLE1V" failures="0" tests="1" name="tests.FileUpload" time="11.633" errors="0" timestamp="2022-06-20T00:54:45 IST" skipped="0">
  <testcase classname="tests.FileUpload" name="upload" time="11.633"/>
  <system-out/>
</testsuite> <!-- tests.FileUpload -->
