<?xml version="1.0" encoding="UTF-8"?>
<!-- Generated by org.testng.reporters.JUnitReportReporter -->
<testsuite hostname="DESKTOP-9QNLE1V" failures="0" tests="1" name="tests.SortTest" time="63.665" errors="0" timestamp="2022-07-16T20:38:23 IST" skipped="0">
  <testcase classname="tests.SortTest" name="sortlist" time="63.665"/>
  <system-out/>
</testsuite> <!-- tests.SortTest -->
